# JRE version: OpenJDK Runtime Environment GraalVM CE 22.3.0 (17.0.5+8) (build 17.0.5+8-jvmci-22.3-b08)
# Java VM: OpenJDK 64-Bit Server VM GraalVM CE 22.3.0 (17.0.5+8-jvmci-22.3-b08, mixed mode, sharing, tiered, jvmci, jvmci compiler, compressed oops, compressed class ptrs, parallel gc, linux-amd64)
GC Precious Log:
 CPUs: 8 total, 1 available
 Memory: 1024M
 Large Page Support: Disabled
 NUMA Support: Disabled
 Compressed Oops: Enabled (32-bit)
 Alignments: Space 512K, Generation 512K, Heap 2M
 Heap Min Capacity: 100M
 Heap Initial Capacity: 100M
 Heap Max Capacity: 512M
 Pre-touch: Disabled
 Parallel Workers: 1
Heap:
 PSYoungGen      total 51200K, used 36352K [0x00000000f5580000, 0x00000000f9900000, 0x0000000100000000)
  eden space 36352K, 100% used [0x00000000f5580000,0x00000000f7900000,0x00000000f7900000)
  from space 14848K, 0% used [0x00000000f7900000,0x00000000f7900000,0x00000000f8780000)
  to   space 14848K, 0% used [0x00000000f8800000,0x00000000f8800000,0x00000000f9680000)
 ParOldGen       total 349696K, used 349693K [0x00000000e0000000, 0x00000000f5580000, 0x00000000f5580000)
  object space 349696K, 99% used [0x00000000e0000000,0x00000000f557f5d8,0x00000000f5580000)
 Metaspace       used 43595K, committed 44416K, reserved 1089536K
  class space    used 4481K, committed 4800K, reserved 1048576K
GC Heap History (20 events):
Event: 726.260 GC heap before
{Heap before GC invocations=578 (full 501):
 PSYoungGen      total 51200K, used 36351K [0x00000000f5580000, 0x00000000f9900000, 0x0000000100000000)
  eden space 36352K, 99% used [0x00000000f5580000,0x00000000f78ffff0,0x00000000f7900000)
  from space 14848K, 0% used [0x00000000f7900000,0x00000000f7900000,0x00000000f8780000)
  to   space 14848K, 0% used [0x00000000f8800000,0x00000000f8800000,0x00000000f9680000)
 ParOldGen       total 349696K, used 349692K [0x00000000e0000000, 0x00000000f5580000, 0x00000000f5580000)
  object space 349696K, 99% used [0x00000000e0000000,0x00000000f557f2b8,0x00000000f5580000)
 Metaspace       used 43595K, committed 44416K, reserved 1089536K
  class space    used 4481K, committed 4800K, reserved 1048576K
}
Event: 727.694 GC heap after
{Heap after GC invocations=578 (full 501):
 PSYoungGen      total 51200K, used 36351K [0x00000000f5580000, 0x00000000f9900000, 0x0000000100000000)
  eden space 36352K, 99% used [0x00000000f5580000,0x00000000f78ffe90,0x00000000f7900000)
  from space 14848K, 0% used [0x00000000f8800000,0x00000000f8800000,0x00000000f9680000)
  to   space 14848K, 0% used [0x00000000f7900000,0x00000000f7900000,0x00000000f8780000)
 ParOldGen       total 349696K, used 349692K [0x00000000e0000000, 0x00000000f5580000, 0x00000000f5580000)
  object space 349696K, 99% used [0x00000000e0000000,0x00000000f557f070,0x00000000f5580000)
 Metaspace       used 43595K, committed 44416K, reserved 1089536K
  class space    used 4481K, committed 4800K, reserved 1048576K
}
Event: 727.694 GC heap before
{Heap before GC invocations=579 (full 502):
 PSYoungGen      total 51200K, used 36351K [0x00000000f5580000, 0x00000000f9900000, 0x0000000100000000)
  eden space 36352K, 99% used [0x00000000f5580000,0x00000000f78ffff0,0x00000000f7900000)
  from space 14848K, 0% used [0x00000000f8800000,0x00000000f8800000,0x00000000f9680000)
  to   space 14848K, 0% used [0x00000000f7900000,0x00000000f7900000,0x00000000f8780000)
 ParOldGen       total 349696K, used 349692K [0x00000000e0000000, 0x00000000f5580000, 0x00000000f5580000)
  object space 349696K, 99% used [0x00000000e0000000,0x00000000f557f070,0x00000000f5580000)
 Metaspace       used 43595K, committed 44416K, reserved 1089536K
  class space    used 4481K, committed 4800K, reserved 1048576K
}
Event: 729.070 GC heap after
{Heap after GC invocations=579 (full 502):
 PSYoungGen      total 51200K, used 36351K [0x00000000f5580000, 0x00000000f9900000, 0x0000000100000000)
  eden space 36352K, 99% used [0x00000000f5580000,0x00000000f78fff90,0x00000000f7900000)
  from space 14848K, 0% used [0x00000000f7900000,0x00000000f7900000,0x00000000f8780000)
  to   space 14848K, 0% used [0x00000000f8800000,0x00000000f8800000,0x00000000f9680000)
 ParOldGen       total 349696K, used 349692K [0x00000000e0000000, 0x00000000f5580000, 0x00000000f5580000)
  object space 349696K, 99% used [0x00000000e0000000,0x00000000f557f050,0x00000000f5580000)
 Metaspace       used 43595K, committed 44416K, reserved 1089536K
  class space    used 4481K, committed 4800K, reserved 1048576K
}
Event: 729.073 GC heap before
{Heap before GC invocations=580 (full 503):
 PSYoungGen      total 51200K, used 36351K [0x00000000f5580000, 0x00000000f9900000, 0x0000000100000000)
  eden space 36352K, 99% used [0x00000000f5580000,0x00000000f78ffff8,0x00000000f7900000)
  from space 14848K, 0% used [0x00000000f7900000,0x00000000f7900000,0x00000000f8780000)
  to   space 14848K, 0% used [0x00000000f8800000,0x00000000f8800000,0x00000000f9680000)
 ParOldGen       total 349696K, used 349692K [0x00000000e0000000, 0x00000000f5580000, 0x00000000f5580000)
  object space 349696K, 99% used [0x00000000e0000000,0x00000000f557f050,0x00000000f5580000)
 Metaspace       used 43595K, committed 44416K, reserved 1089536K
  class space    used 4481K, committed 4800K, reserved 1048576K
}
Event: 730.463 GC heap after
{Heap after GC invocations=580 (full 503):
 PSYoungGen      total 51200K, used 36351K [0x00000000f5580000, 0x00000000f9900000, 0x0000000100000000)
  eden space 36352K, 99% used [0x00000000f5580000,0x00000000f78fffe0,0x00000000f7900000)
  from space 14848K, 0% used [0x00000000f8800000,0x00000000f8800000,0x00000000f9680000)
  to   space 14848K, 0% used [0x00000000f7900000,0x00000000f7900000,0x00000000f8780000)
 ParOldGen       total 349696K, used 349692K [0x00000000e0000000, 0x00000000f5580000, 0x00000000f5580000)
  object space 349696K, 99% used [0x00000000e0000000,0x00000000f557f030,0x00000000f5580000)
 Metaspace       used 43595K, committed 44416K, reserved 1089536K
  class space    used 4481K, committed 4800K, reserved 1048576K
}
Event: 730.463 GC heap before
{Heap before GC invocations=581 (full 504):
 PSYoungGen      total 51200K, used 36351K [0x00000000f5580000, 0x00000000f9900000, 0x0000000100000000)
  eden space 36352K, 99% used [0x00000000f5580000,0x00000000f78ffff8,0x00000000f7900000)
  from space 14848K, 0% used [0x00000000f8800000,0x00000000f8800000,0x00000000f9680000)
  to   space 14848K, 0% used [0x00000000f7900000,0x00000000f7900000,0x00000000f8780000)
 ParOldGen       total 349696K, used 349692K [0x00000000e0000000, 0x00000000f5580000, 0x00000000f5580000)
  object space 349696K, 99% used [0x00000000e0000000,0x00000000f557f030,0x00000000f5580000)
 Metaspace       used 43595K, committed 44416K, reserved 1089536K
  class space    used 4481K, committed 4800K, reserved 1048576K
}
Event: 731.860 GC heap after
{Heap after GC invocations=581 (full 504):
 PSYoungGen      total 51200K, used 36351K [0x00000000f5580000, 0x00000000f9900000, 0x0000000100000000)
  eden space 36352K, 99% used [0x00000000f5580000,0x00000000f78ffff8,0x00000000f7900000)
  from space 14848K, 0% used [0x00000000f7900000,0x00000000f7900000,0x00000000f8780000)
  to   space 14848K, 0% used [0x00000000f8800000,0x00000000f8800000,0x00000000f9680000)
 ParOldGen       total 349696K, used 349692K [0x00000000e0000000, 0x00000000f5580000, 0x00000000f5580000)
  object space 349696K, 99% used [0x00000000e0000000,0x00000000f557f030,0x00000000f5580000)
 Metaspace       used 43595K, committed 44416K, reserved 1089536K
  class space    used 4481K, committed 4800K, reserved 1048576K
}
Event: 731.861 GC heap before
{Heap before GC invocations=582 (full 505):
 PSYoungGen      total 51200K, used 36351K [0x00000000f5580000, 0x00000000f9900000, 0x0000000100000000)
  eden space 36352K, 99% used [0x00000000f5580000,0x00000000f78ffff8,0x00000000f7900000)
  from space 14848K, 0% used [0x00000000f7900000,0x00000000f7900000,0x00000000f8780000)
  to   space 14848K, 0% used [0x00000000f8800000,0x00000000f8800000,0x00000000f9680000)
 ParOldGen       total 349696K, used 349694K [0x00000000e0000000, 0x00000000f5580000, 0x00000000f5580000)
  object space 349696K, 99% used [0x00000000e0000000,0x00000000f557fb10,0x00000000f5580000)
 Metaspace       used 43595K, committed 44416K, reserved 1089536K
  class space    used 4481K, committed 4800K, reserved 1048576K
}
Event: 733.268 GC heap after
{Heap after GC invocations=582 (full 505):
 PSYoungGen      total 51200K, used 36351K [0x00000000f5580000, 0x00000000f9900000, 0x0000000100000000)
  eden space 36352K, 99% used [0x00000000f5580000,0x00000000f78ffe60,0x00000000f7900000)
  from space 14848K, 0% used [0x00000000f8800000,0x00000000f8800000,0x00000000f9680000)
  to   space 14848K, 0% used [0x00000000f7900000,0x00000000f7900000,0x00000000f8780000)
 ParOldGen       total 349696K, used 349693K [0x00000000e0000000, 0x00000000f5580000, 0x00000000f5580000)
  object space 349696K, 99% used [0x00000000e0000000,0x00000000f557f4e0,0x00000000f5580000)
 Metaspace       used 43595K, committed 44416K, reserved 1089536K
  class space    used 4481K, committed 4800K, reserved 1048576K
}
Event: 733.270 GC heap before
{Heap before GC invocations=583 (full 506):
 PSYoungGen      total 51200K, used 36351K [0x00000000f5580000, 0x00000000f9900000, 0x0000000100000000)
  eden space 36352K, 99% used [0x00000000f5580000,0x00000000f78ffff8,0x00000000f7900000)
  from space 14848K, 0% used [0x00000000f8800000,0x00000000f8800000,0x00000000f9680000)
  to   space 14848K, 0% used [0x00000000f7900000,0x00000000f7900000,0x00000000f8780000)
 ParOldGen       total 349696K, used 349693K [0x00000000e0000000, 0x00000000f5580000, 0x00000000f5580000)
  object space 349696K, 99% used [0x00000000e0000000,0x00000000f557f4e0,0x00000000f5580000)
 Metaspace       used 43595K, committed 44416K, reserved 1089536K
  class space    used 4481K, committed 4800K, reserved 1048576K
}
Event: 734.637 GC heap after
{Heap after GC invocations=583 (full 506):
 PSYoungGen      total 51200K, used 36351K [0x00000000f5580000, 0x00000000f9900000, 0x0000000100000000)
  eden space 36352K, 99% used [0x00000000f5580000,0x00000000f78fff48,0x00000000f7900000)
  from space 14848K, 0% used [0x00000000f7900000,0x00000000f7900000,0x00000000f8780000)
  to   space 14848K, 0% used [0x00000000f8800000,0x00000000f8800000,0x00000000f9680000)
 ParOldGen       total 349696K, used 349693K [0x00000000e0000000, 0x00000000f5580000, 0x00000000f5580000)
  object space 349696K, 99% used [0x00000000e0000000,0x00000000f557f4e0,0x00000000f5580000)
 Metaspace       used 43595K, committed 44416K, reserved 1089536K
  class space    used 4481K, committed 4800K, reserved 1048576K
}
Event: 734.637 GC heap before
{Heap before GC invocations=584 (full 507):
 PSYoungGen      total 51200K, used 36351K [0x00000000f5580000, 0x00000000f9900000, 0x0000000100000000)
  eden space 36352K, 99% used [0x00000000f5580000,0x00000000f78ffff0,0x00000000f7900000)
  from space 14848K, 0% used [0x00000000f7900000,0x00000000f7900000,0x00000000f8780000)
  to   space 14848K, 0% used [0x00000000f8800000,0x00000000f8800000,0x00000000f9680000)
 ParOldGen       total 349696K, used 349693K [0x00000000e0000000, 0x00000000f5580000, 0x00000000f5580000)
  object space 349696K, 99% used [0x00000000e0000000,0x00000000f557f4e0,0x00000000f5580000)
 Metaspace       used 43595K, committed 44416K, reserved 1089536K
  class space    used 4481K, committed 4800K, reserved 1048576K
}
Event: 735.944 GC heap after
{Heap after GC invocations=584 (full 507):
 PSYoungGen      total 51200K, used 36351K [0x00000000f5580000, 0x00000000f9900000, 0x0000000100000000)
  eden space 36352K, 99% used [0x00000000f5580000,0x00000000f78fffd8,0x00000000f7900000)
  from space 14848K, 0% used [0x00000000f8800000,0x00000000f8800000,0x00000000f9680000)
  to   space 14848K, 0% used [0x00000000f7900000,0x00000000f7900000,0x00000000f8780000)
 ParOldGen       total 349696K, used 349693K [0x00000000e0000000, 0x00000000f5580000, 0x00000000f5580000)
  object space 349696K, 99% used [0x00000000e0000000,0x00000000f557f4e0,0x00000000f5580000)
 Metaspace       used 43595K, committed 44416K, reserved 1089536K
  class space    used 4481K, committed 4800K, reserved 1048576K
}
Event: 735.944 GC heap before
{Heap before GC invocations=585 (full 508):
 PSYoungGen      total 51200K, used 36352K [0x00000000f5580000, 0x00000000f9900000, 0x0000000100000000)
  eden space 36352K, 100% used [0x00000000f5580000,0x00000000f7900000,0x00000000f7900000)
  from space 14848K, 0% used [0x00000000f8800000,0x00000000f8800000,0x00000000f9680000)
  to   space 14848K, 0% used [0x00000000f7900000,0x00000000f7900000,0x00000000f8780000)
 ParOldGen       total 349696K, used 349693K [0x00000000e0000000, 0x00000000f5580000, 0x00000000f5580000)
  object space 349696K, 99% used [0x00000000e0000000,0x00000000f557f4e0,0x00000000f5580000)
 Metaspace       used 43595K, committed 44416K, reserved 1089536K
  class space    used 4481K, committed 4800K, reserved 1048576K
}
Event: 737.296 GC heap after
{Heap after GC invocations=585 (full 508):
 PSYoungGen      total 51200K, used 36352K [0x00000000f5580000, 0x00000000f9900000, 0x0000000100000000)
  eden space 36352K, 100% used [0x00000000f5580000,0x00000000f7900000,0x00000000f7900000)
  from space 14848K, 0% used [0x00000000f7900000,0x00000000f7900000,0x00000000f8780000)
  to   space 14848K, 0% used [0x00000000f8800000,0x00000000f8800000,0x00000000f9680000)
 ParOldGen       total 349696K, used 349693K [0x00000000e0000000, 0x00000000f5580000, 0x00000000f5580000)
  object space 349696K, 99% used [0x00000000e0000000,0x00000000f557f4e0,0x00000000f5580000)
 Metaspace       used 43595K, committed 44416K, reserved 1089536K
  class space    used 4481K, committed 4800K, reserved 1048576K
}
Event: 737.296 GC heap before
{Heap before GC invocations=586 (full 509):
 PSYoungGen      total 51200K, used 36352K [0x00000000f5580000, 0x00000000f9900000, 0x0000000100000000)
  eden space 36352K, 100% used [0x00000000f5580000,0x00000000f7900000,0x00000000f7900000)
  from space 14848K, 0% used [0x00000000f7900000,0x00000000f7900000,0x00000000f8780000)
  to   space 14848K, 0% used [0x00000000f8800000,0x00000000f8800000,0x00000000f9680000)
 ParOldGen       total 349696K, used 349694K [0x00000000e0000000, 0x00000000f5580000, 0x00000000f5580000)
  object space 349696K, 99% used [0x00000000e0000000,0x00000000f557f8a0,0x00000000f5580000)
 Metaspace       used 43595K, committed 44416K, reserved 1089536K
  class space    used 4481K, committed 4800K, reserved 1048576K
}
Event: 738.642 GC heap after
{Heap after GC invocations=586 (full 509):
 PSYoungGen      total 51200K, used 36352K [0x00000000f5580000, 0x00000000f9900000, 0x0000000100000000)
  eden space 36352K, 100% used [0x00000000f5580000,0x00000000f7900000,0x00000000f7900000)
  from space 14848K, 0% used [0x00000000f8800000,0x00000000f8800000,0x00000000f9680000)
  to   space 14848K, 0% used [0x00000000f7900000,0x00000000f7900000,0x00000000f8780000)
 ParOldGen       total 349696K, used 349693K [0x00000000e0000000, 0x00000000f5580000, 0x00000000f5580000)
  object space 349696K, 99% used [0x00000000e0000000,0x00000000f557f528,0x00000000f5580000)
 Metaspace       used 43595K, committed 44416K, reserved 1089536K
  class space    used 4481K, committed 4800K, reserved 1048576K
}
Event: 738.642 GC heap before
{Heap before GC invocations=587 (full 510):
 PSYoungGen      total 51200K, used 36352K [0x00000000f5580000, 0x00000000f9900000, 0x0000000100000000)
  eden space 36352K, 100% used [0x00000000f5580000,0x00000000f7900000,0x00000000f7900000)
  from space 14848K, 0% used [0x00000000f8800000,0x00000000f8800000,0x00000000f9680000)
  to   space 14848K, 0% used [0x00000000f7900000,0x00000000f7900000,0x00000000f8780000)
 ParOldGen       total 349696K, used 349693K [0x00000000e0000000, 0x00000000f5580000, 0x00000000f5580000)
  object space 349696K, 99% used [0x00000000e0000000,0x00000000f557f528,0x00000000f5580000)
 Metaspace       used 43595K, committed 44416K, reserved 1089536K
  class space    used 4481K, committed 4800K, reserved 1048576K
}
Event: 740.016 GC heap after
{Heap after GC invocations=587 (full 510):
 PSYoungGen      total 51200K, used 36352K [0x00000000f5580000, 0x00000000f9900000, 0x0000000100000000)
  eden space 36352K, 100% used [0x00000000f5580000,0x00000000f7900000,0x00000000f7900000)
  from space 14848K, 0% used [0x00000000f7900000,0x00000000f7900000,0x00000000f8780000)
  to   space 14848K, 0% used [0x00000000f8800000,0x00000000f8800000,0x00000000f9680000)
 ParOldGen       total 349696K, used 349693K [0x00000000e0000000, 0x00000000f5580000, 0x00000000f5580000)
  object space 349696K, 99% used [0x00000000e0000000,0x00000000f557f528,0x00000000f5580000)
 Metaspace       used 43595K, committed 44416K, reserved 1089536K
  class space    used 4481K, committed 4800K, reserved 1048576K
}

